2024-11-21T18:59:37.831+0600	ERROR	app/app.go:29	ERR_INIT_CONFIGS	{"error": "required key APP_MODE missing value"}
account-service/internal/app.Run
	C:/damir/account-service/internal/app/app.go:29
main.main
	C:/damir/account-service/main.go:18
runtime.main
	C:/Program Files/Go/src/runtime/proc.go:271
2024-11-21T19:00:19.693+0600	INFO	app/app.go:78	Server started on http://localhost:2003/swagger/index.html
2024-11-21T19:03:32.825+0600	ERROR	server/server.go:42	ERR_SERVE_HTTP	{"error": "http: Server closed"}
account-service/pkg/server.(*Server).Run.func1
	C:/damir/account-service/pkg/server/server.go:42
2024-11-21T19:29:14.929+0600	INFO	app/app.go:78	Server started on http://localhost:2003/swagger/index.html
2024-11-21T19:29:37.245+0600	ERROR	SignUp	auth/auth.go:30	failed to create user	{"error": "pq: INSERT has more target columns than expressions"}
account-service/internal/service/auth.(*Service).SignUp
	C:/damir/account-service/internal/service/auth/auth.go:30
account-service/internal/handler/http.(*Auth).signUp
	C:/damir/account-service/internal/handler/http/auth.go:53
net/http.HandlerFunc.ServeHTTP
	C:/Program Files/Go/src/net/http/server.go:2166
github.com/go-chi/chi/v5.(*Mux).routeHTTP
	C:/Users/BG/go/pkg/mod/github.com/go-chi/chi/v5@v5.0.10/mux.go:444
net/http.HandlerFunc.ServeHTTP
	C:/Program Files/Go/src/net/http/server.go:2166
github.com/go-chi/chi/v5.(*Mux).ServeHTTP
	C:/Users/BG/go/pkg/mod/github.com/go-chi/chi/v5@v5.0.10/mux.go:73
github.com/go-chi/chi/v5.(*Mux).Mount.func1
	C:/Users/BG/go/pkg/mod/github.com/go-chi/chi/v5@v5.0.10/mux.go:316
net/http.HandlerFunc.ServeHTTP
	C:/Program Files/Go/src/net/http/server.go:2166
github.com/go-chi/chi/v5.(*Mux).routeHTTP
	C:/Users/BG/go/pkg/mod/github.com/go-chi/chi/v5@v5.0.10/mux.go:444
net/http.HandlerFunc.ServeHTTP
	C:/Program Files/Go/src/net/http/server.go:2166
github.com/go-chi/chi/v5.(*Mux).ServeHTTP
	C:/Users/BG/go/pkg/mod/github.com/go-chi/chi/v5@v5.0.10/mux.go:73
github.com/go-chi/chi/v5.(*Mux).Mount.func1
	C:/Users/BG/go/pkg/mod/github.com/go-chi/chi/v5@v5.0.10/mux.go:316
net/http.HandlerFunc.ServeHTTP
	C:/Program Files/Go/src/net/http/server.go:2166
github.com/go-chi/chi/v5.(*Mux).routeHTTP
	C:/Users/BG/go/pkg/mod/github.com/go-chi/chi/v5@v5.0.10/mux.go:444
net/http.HandlerFunc.ServeHTTP
	C:/Program Files/Go/src/net/http/server.go:2166
github.com/766b/chi-prometheus.Middleware.handler-fm.Middleware.handler.func1
	C:/Users/BG/go/pkg/mod/github.com/766b/chi-prometheus@v0.0.0-20211217152057-87afa9aa2ca8/middleware.go:64
net/http.HandlerFunc.ServeHTTP
	C:/Program Files/Go/src/net/http/server.go:2166
github.com/go-chi/chi/v5/middleware.Timeout.func1.1
	C:/Users/BG/go/pkg/mod/github.com/go-chi/chi/v5@v5.0.10/middleware/timeout.go:45
net/http.HandlerFunc.ServeHTTP
	C:/Program Files/Go/src/net/http/server.go:2166
account-service/pkg/server/router.New.SetContentType.func3.1
	C:/Users/BG/go/pkg/mod/github.com/go-chi/render@v1.0.3/content_type.go:52
net/http.HandlerFunc.ServeHTTP
	C:/Program Files/Go/src/net/http/server.go:2166
account-service/pkg/server/router.New.Timeout.func2.1
	C:/Users/BG/go/pkg/mod/github.com/go-chi/chi/v5@v5.0.10/middleware/timeout.go:45
net/http.HandlerFunc.ServeHTTP
	C:/Program Files/Go/src/net/http/server.go:2166
account-service/pkg/server/router.New.Heartbeat.func1.1
	C:/Users/BG/go/pkg/mod/github.com/go-chi/chi/v5@v5.0.10/middleware/heartbeat.go:21
net/http.HandlerFunc.ServeHTTP
	C:/Program Files/Go/src/net/http/server.go:2166
github.com/go-chi/chi/v5/middleware.CleanPath.func1
	C:/Users/BG/go/pkg/mod/github.com/go-chi/chi/v5@v5.0.10/middleware/clean_path.go:26
net/http.HandlerFunc.ServeHTTP
	C:/Program Files/Go/src/net/http/server.go:2166
github.com/go-chi/chi/v5/middleware.Recoverer.func1
	C:/Users/BG/go/pkg/mod/github.com/go-chi/chi/v5@v5.0.10/middleware/recoverer.go:45
net/http.HandlerFunc.ServeHTTP
	C:/Program Files/Go/src/net/http/server.go:2166
github.com/go-chi/chi/v5/middleware.init.0.RequestLogger.func1.1
	C:/Users/BG/go/pkg/mod/github.com/go-chi/chi/v5@v5.0.10/middleware/logger.go:54
net/http.HandlerFunc.ServeHTTP
	C:/Program Files/Go/src/net/http/server.go:2166
github.com/go-chi/chi/v5/middleware.RealIP.func1
	C:/Users/BG/go/pkg/mod/github.com/go-chi/chi/v5@v5.0.10/middleware/realip.go:36
net/http.HandlerFunc.ServeHTTP
	C:/Program Files/Go/src/net/http/server.go:2166
github.com/go-chi/chi/v5/middleware.RequestID.func1
	C:/Users/BG/go/pkg/mod/github.com/go-chi/chi/v5@v5.0.10/middleware/request_id.go:76
net/http.HandlerFunc.ServeHTTP
	C:/Program Files/Go/src/net/http/server.go:2166
github.com/go-chi/chi/v5.(*Mux).ServeHTTP
	C:/Users/BG/go/pkg/mod/github.com/go-chi/chi/v5@v5.0.10/mux.go:90
net/http.serverHandler.ServeHTTP
	C:/Program Files/Go/src/net/http/server.go:3137
net/http.(*conn).serve
	C:/Program Files/Go/src/net/http/server.go:2039
2024-11-21T19:30:02.454+0600	ERROR	server/server.go:42	ERR_SERVE_HTTP	{"error": "http: Server closed"}
account-service/pkg/server.(*Server).Run.func1
	C:/damir/account-service/pkg/server/server.go:42
2024-11-21T19:30:10.880+0600	INFO	app/app.go:78	Server started on http://localhost:2003/swagger/index.html
2024-11-21T19:32:02.637+0600	INFO	app/app.go:78	Server started on http://localhost:2003/swagger/index.html
2024-11-21T19:34:39.851+0600	ERROR	server/server.go:42	ERR_SERVE_HTTP	{"error": "http: Server closed"}
account-service/pkg/server.(*Server).Run.func1
	C:/damir/account-service/pkg/server/server.go:42
2024-11-21T19:34:48.817+0600	INFO	app/app.go:78	Server started on http://localhost:2003/swagger/index.html
2024-11-21T19:35:37.584+0600	ERROR	server/server.go:42	ERR_SERVE_HTTP	{"error": "http: Server closed"}
account-service/pkg/server.(*Server).Run.func1
	C:/damir/account-service/pkg/server/server.go:42
2024-11-21T19:36:00.288+0600	INFO	app/app.go:78	Server started on http://localhost:2003/swagger/index.html
2024-11-21T19:36:24.384+0600	ERROR	server/server.go:42	ERR_SERVE_HTTP	{"error": "http: Server closed"}
account-service/pkg/server.(*Server).Run.func1
	C:/damir/account-service/pkg/server/server.go:42
